<?xml version="1.0" encoding="UTF-8"?>
<testsuite xmlns:xsi="http://www.w3.org/2001/XMLSchema-instance" xsi:noNamespaceSchemaLocation="https://maven.apache.org/surefire/maven-surefire-plugin/xsd/surefire-test-report-3.0.xsd" version="3.0" name="TestSuite" time="114.609" tests="53" errors="0" skipped="51" failures="2">
  <properties>
[...]
</properties>
  <testcase name="setup" classname="com.Bookshelf.testdata.TestValidData" time="22.442">
    <failure message="java.net.UnknownHostException: npm.taobao.org" type="io.github.bonigarcia.wdm.WebDriverManagerException">io.github.bonigarcia.wdm.WebDriverManagerException: java.net.UnknownHostException: npm.taobao.org
	at com.Bookshelf.testdata.TestValidData.setup(TestValidData.java:36)
Caused by: java.net.UnknownHostException: npm.taobao.org
	at com.Bookshelf.testdata.TestValidData.setup(TestValidData.java:36)
</failure>
    <system-err><![CDATA[SLF4J: Failed to load class "org.slf4j.impl.StaticLoggerBinder".
SLF4J: Defaulting to no-operation (NOP) logger implementation
SLF4J: See http://www.slf4j.org/codes.html#StaticLoggerBinder for further details.
]]></system-err>
  </testcase>
  <testcase name="setup" classname="com.Bookshelf.testdata.TestValidData" time="110.538">
    <failure message="connection refused&#10;Build info: version: &apos;3.141.59&apos;, revision: &apos;e82be7d358&apos;, time: &apos;2018-11-14T08:25:53&apos;&#10;System info: host: &apos;DHARSHINI&apos;, ip: &apos;127.0.0.1&apos;, os.name: &apos;Windows 10&apos;, os.arch: &apos;amd64&apos;, os.version: &apos;10.0&apos;, java.version: &apos;1.8.0_77&apos;&#10;Driver info: driver.version: unknown&#10;remote stacktrace: &#10;Command duration or timeout: 79.34 seconds" type="org.openqa.selenium.TimeoutException">org.openqa.selenium.TimeoutException: 
connection refused
Build info: version: '3.141.59', revision: 'e82be7d358', time: '2018-11-14T08:25:53'
System info: host: 'DHARSHINI', ip: '127.0.0.1', os.name: 'Windows 10', os.arch: 'amd64', os.version: '10.0', java.version: '1.8.0_77'
Driver info: driver.version: unknown
remote stacktrace: 
Command duration or timeout: 79.34 seconds
	at com.Bookshelf.testdata.TestValidData.setup(TestValidData.java:36)
Caused by: org.openqa.selenium.TimeoutException: 
connection refused
Build info: version: '3.141.59', revision: 'e82be7d358', time: '2018-11-14T08:25:53'
System info: host: 'DHARSHINI', ip: '127.0.0.1', os.name: 'Windows 10', os.arch: 'amd64', os.version: '10.0', java.version: '1.8.0_77'
Driver info: driver.version: unknown
remote stacktrace: 
Build info: version: '3.141.59', revision: 'e82be7d358', time: '2018-11-14T08:17:03'
System info: host: 'DHARSHINI', ip: '127.0.0.1', os.name: 'Windows 10', os.arch: 'amd64', os.version: '10.0', java.version: '1.8.0_77'
Driver info: driver.version: unknown
</failure>
  </testcase>
  <testcase name="testwebpage" classname="com.Bookshelf.testdata.TestValidData" time="0">
    <skipped message="java.net.UnknownHostException: npm.taobao.org"/>
    <system-out><![CDATA[into get exxcel data
Entered into excel utils
Selected the file C:\Users\dharshini\git\P_Bookshelf\Bookshelf\testdata.xls
Bookshelf
15000
Open
1500.0
Janaki
janakiraman@gmail.com
Sruthi
sruthijayachandran@gmail.com
7812549501
Bookshelves
15000
Open
1500.0
Janaki
janakiraman@gmail.com
Sruthi
sruthijayachandran@gmail.com
7812549502
Bookshelf
15001
Open
1500.0
Janaki
janakiraman@gmail.com
Sruthi
sruthijayachandran@gmail.com
7812549503
Bookshelf
14999
Open
1500.0
Janaki
janakiraman@gmail.com
Sruthi
sruthijayachandran@gmail.com
7812549504
Bookshelf
15000
Open and Closed
1500.0
Janaki
janakiraman@gmail.com
Sruthi
sruthijayachandran@gmail.com
7812549505
Bookshelf
15000
Open Storage
1500.0
Janaki
janakiraman@gmail.com
Sruthi
sruthijayachandran@gmail.com
7812549506
Bookshelf
15000
Closed Storage
1500.0
Janaki
janakiraman@gmail.com
Sruthi
sruthijayachandran@gmail.com
7812549507
Bookshelf
15000
Closed
1500.0
Janaki
janakiraman@gmail.com
Sruthi
sruthijayachandran@gmail.com
7812549508
Bookshelf
15000
Open
1500.0
Janaki
janakiraman
Sruthi
sruthijayachandran@gmail.com
7812549509
Bookshelf
15000
Open
1500.0
Janaki
janakiraman@gmail.com
Sruthi
sruthijayachandran
7812549510
Bookshelf
15000
Open
1500.0
Janaki
janakiraman@gmail.com
Sruthi
sruthijayachandran@gmail.com
78125
Study Chair
15000
Open
1500.0
Janaki
janakiraman@gmail.com
Sruthi
sruthijayachandran@gmail.com
7812549512
Returning to search Page
]]></system-out>
  </testcase>
  <testcase name="testwebpage" classname="com.Bookshelf.testdata.TestValidData" time="0">
    <skipped message="java.net.UnknownHostException: npm.taobao.org"/>
  </testcase>
  <testcase name="testwebpage" classname="com.Bookshelf.testdata.TestValidData" time="0">
    <skipped message="java.net.UnknownHostException: npm.taobao.org"/>
  </testcase>
  <testcase name="testwebpage" classname="com.Bookshelf.testdata.TestValidData" time="0">
    <skipped message="java.net.UnknownHostException: npm.taobao.org"/>
  </testcase>
  <testcase name="testwebpage" classname="com.Bookshelf.testdata.TestValidData" time="0">
    <skipped message="java.net.UnknownHostException: npm.taobao.org"/>
  </testcase>
  <testcase name="testwebpage" classname="com.Bookshelf.testdata.TestValidData" time="0">
    <skipped message="java.net.UnknownHostException: npm.taobao.org"/>
  </testcase>
  <testcase name="testwebpage" classname="com.Bookshelf.testdata.TestValidData" time="0">
    <skipped message="java.net.UnknownHostException: npm.taobao.org"/>
  </testcase>
  <testcase name="testwebpage" classname="com.Bookshelf.testdata.TestValidData" time="0">
    <skipped message="java.net.UnknownHostException: npm.taobao.org"/>
  </testcase>
  <testcase name="testwebpage" classname="com.Bookshelf.testdata.TestValidData" time="0">
    <skipped message="java.net.UnknownHostException: npm.taobao.org"/>
  </testcase>
  <testcase name="testwebpage" classname="com.Bookshelf.testdata.TestValidData" time="0">
    <skipped message="java.net.UnknownHostException: npm.taobao.org"/>
  </testcase>
  <testcase name="testwebpage" classname="com.Bookshelf.testdata.TestValidData" time="0">
    <skipped message="java.net.UnknownHostException: npm.taobao.org"/>
  </testcase>
  <testcase name="testwebpage" classname="com.Bookshelf.testdata.TestValidData" time="0">
    <skipped message="java.net.UnknownHostException: npm.taobao.org"/>
  </testcase>
  <testcase name="testwebpage" classname="com.Bookshelf.testdata.TestValidData" time="0">
    <skipped message="connection refused&#10;Build info: version: &apos;3.141.59&apos;, revision: &apos;e82be7d358&apos;, time: &apos;2018-11-14T08:25:53&apos;&#10;System info: host: &apos;DHARSHINI&apos;, ip: &apos;127.0.0.1&apos;, os.name: &apos;Windows 10&apos;, os.arch: &apos;amd64&apos;, os.version: &apos;10.0&apos;, java.version: &apos;1.8.0_77&apos;&#10;Driver info: driver.version: unknown&#10;remote stacktrace: &#10;Command duration or timeout: 79.34 seconds"/>
    <system-out><![CDATA[into get exxcel data
Entered into excel utils
Selected the file C:\Users\dharshini\git\P_Bookshelf\Bookshelf\testdata.xls
Bookshelf
15000
Open
1500.0
Janaki
janakiraman@gmail.com
Sruthi
sruthijayachandran@gmail.com
7812549501
Bookshelves
15000
Open
1500.0
Janaki
janakiraman@gmail.com
Sruthi
sruthijayachandran@gmail.com
7812549502
Bookshelf
15001
Open
1500.0
Janaki
janakiraman@gmail.com
Sruthi
sruthijayachandran@gmail.com
7812549503
Bookshelf
14999
Open
1500.0
Janaki
janakiraman@gmail.com
Sruthi
sruthijayachandran@gmail.com
7812549504
Bookshelf
15000
Open and Closed
1500.0
Janaki
janakiraman@gmail.com
Sruthi
sruthijayachandran@gmail.com
7812549505
Bookshelf
15000
Open Storage
1500.0
Janaki
janakiraman@gmail.com
Sruthi
sruthijayachandran@gmail.com
7812549506
Bookshelf
15000
Closed Storage
1500.0
Janaki
janakiraman@gmail.com
Sruthi
sruthijayachandran@gmail.com
7812549507
Bookshelf
15000
Closed
1500.0
Janaki
janakiraman@gmail.com
Sruthi
sruthijayachandran@gmail.com
7812549508
Bookshelf
15000
Open
1500.0
Janaki
janakiraman
Sruthi
sruthijayachandran@gmail.com
7812549509
Bookshelf
15000
Open
1500.0
Janaki
janakiraman@gmail.com
Sruthi
sruthijayachandran
7812549510
Bookshelf
15000
Open
1500.0
Janaki
janakiraman@gmail.com
Sruthi
sruthijayachandran@gmail.com
78125
Study Chair
15000
Open
1500.0
Janaki
janakiraman@gmail.com
Sruthi
sruthijayachandran@gmail.com
7812549512
Returning to search Page
]]></system-out>
  </testcase>
  <testcase name="testwebpage" classname="com.Bookshelf.testdata.TestValidData" time="0">
    <skipped message="connection refused&#10;Build info: version: &apos;3.141.59&apos;, revision: &apos;e82be7d358&apos;, time: &apos;2018-11-14T08:25:53&apos;&#10;System info: host: &apos;DHARSHINI&apos;, ip: &apos;127.0.0.1&apos;, os.name: &apos;Windows 10&apos;, os.arch: &apos;amd64&apos;, os.version: &apos;10.0&apos;, java.version: &apos;1.8.0_77&apos;&#10;Driver info: driver.version: unknown&#10;remote stacktrace: &#10;Command duration or timeout: 79.34 seconds"/>
  </testcase>
  <testcase name="testwebpage" classname="com.Bookshelf.testdata.TestValidData" time="0">
    <skipped message="connection refused&#10;Build info: version: &apos;3.141.59&apos;, revision: &apos;e82be7d358&apos;, time: &apos;2018-11-14T08:25:53&apos;&#10;System info: host: &apos;DHARSHINI&apos;, ip: &apos;127.0.0.1&apos;, os.name: &apos;Windows 10&apos;, os.arch: &apos;amd64&apos;, os.version: &apos;10.0&apos;, java.version: &apos;1.8.0_77&apos;&#10;Driver info: driver.version: unknown&#10;remote stacktrace: &#10;Command duration or timeout: 79.34 seconds"/>
  </testcase>
  <testcase name="testwebpage" classname="com.Bookshelf.testdata.TestValidData" time="0">
    <skipped message="connection refused&#10;Build info: version: &apos;3.141.59&apos;, revision: &apos;e82be7d358&apos;, time: &apos;2018-11-14T08:25:53&apos;&#10;System info: host: &apos;DHARSHINI&apos;, ip: &apos;127.0.0.1&apos;, os.name: &apos;Windows 10&apos;, os.arch: &apos;amd64&apos;, os.version: &apos;10.0&apos;, java.version: &apos;1.8.0_77&apos;&#10;Driver info: driver.version: unknown&#10;remote stacktrace: &#10;Command duration or timeout: 79.34 seconds"/>
  </testcase>
  <testcase name="testwebpage" classname="com.Bookshelf.testdata.TestValidData" time="0">
    <skipped message="connection refused&#10;Build info: version: &apos;3.141.59&apos;, revision: &apos;e82be7d358&apos;, time: &apos;2018-11-14T08:25:53&apos;&#10;System info: host: &apos;DHARSHINI&apos;, ip: &apos;127.0.0.1&apos;, os.name: &apos;Windows 10&apos;, os.arch: &apos;amd64&apos;, os.version: &apos;10.0&apos;, java.version: &apos;1.8.0_77&apos;&#10;Driver info: driver.version: unknown&#10;remote stacktrace: &#10;Command duration or timeout: 79.34 seconds"/>
  </testcase>
  <testcase name="testwebpage" classname="com.Bookshelf.testdata.TestValidData" time="0">
    <skipped message="connection refused&#10;Build info: version: &apos;3.141.59&apos;, revision: &apos;e82be7d358&apos;, time: &apos;2018-11-14T08:25:53&apos;&#10;System info: host: &apos;DHARSHINI&apos;, ip: &apos;127.0.0.1&apos;, os.name: &apos;Windows 10&apos;, os.arch: &apos;amd64&apos;, os.version: &apos;10.0&apos;, java.version: &apos;1.8.0_77&apos;&#10;Driver info: driver.version: unknown&#10;remote stacktrace: &#10;Command duration or timeout: 79.34 seconds"/>
  </testcase>
  <testcase name="testwebpage" classname="com.Bookshelf.testdata.TestValidData" time="0">
    <skipped message="connection refused&#10;Build info: version: &apos;3.141.59&apos;, revision: &apos;e82be7d358&apos;, time: &apos;2018-11-14T08:25:53&apos;&#10;System info: host: &apos;DHARSHINI&apos;, ip: &apos;127.0.0.1&apos;, os.name: &apos;Windows 10&apos;, os.arch: &apos;amd64&apos;, os.version: &apos;10.0&apos;, java.version: &apos;1.8.0_77&apos;&#10;Driver info: driver.version: unknown&#10;remote stacktrace: &#10;Command duration or timeout: 79.34 seconds"/>
  </testcase>
  <testcase name="testwebpage" classname="com.Bookshelf.testdata.TestValidData" time="0">
    <skipped message="connection refused&#10;Build info: version: &apos;3.141.59&apos;, revision: &apos;e82be7d358&apos;, time: &apos;2018-11-14T08:25:53&apos;&#10;System info: host: &apos;DHARSHINI&apos;, ip: &apos;127.0.0.1&apos;, os.name: &apos;Windows 10&apos;, os.arch: &apos;amd64&apos;, os.version: &apos;10.0&apos;, java.version: &apos;1.8.0_77&apos;&#10;Driver info: driver.version: unknown&#10;remote stacktrace: &#10;Command duration or timeout: 79.34 seconds"/>
  </testcase>
  <testcase name="testwebpage" classname="com.Bookshelf.testdata.TestValidData" time="0">
    <skipped message="connection refused&#10;Build info: version: &apos;3.141.59&apos;, revision: &apos;e82be7d358&apos;, time: &apos;2018-11-14T08:25:53&apos;&#10;System info: host: &apos;DHARSHINI&apos;, ip: &apos;127.0.0.1&apos;, os.name: &apos;Windows 10&apos;, os.arch: &apos;amd64&apos;, os.version: &apos;10.0&apos;, java.version: &apos;1.8.0_77&apos;&#10;Driver info: driver.version: unknown&#10;remote stacktrace: &#10;Command duration or timeout: 79.34 seconds"/>
  </testcase>
  <testcase name="testwebpage" classname="com.Bookshelf.testdata.TestValidData" time="0">
    <skipped message="connection refused&#10;Build info: version: &apos;3.141.59&apos;, revision: &apos;e82be7d358&apos;, time: &apos;2018-11-14T08:25:53&apos;&#10;System info: host: &apos;DHARSHINI&apos;, ip: &apos;127.0.0.1&apos;, os.name: &apos;Windows 10&apos;, os.arch: &apos;amd64&apos;, os.version: &apos;10.0&apos;, java.version: &apos;1.8.0_77&apos;&#10;Driver info: driver.version: unknown&#10;remote stacktrace: &#10;Command duration or timeout: 79.34 seconds"/>
  </testcase>
  <testcase name="testwebpage" classname="com.Bookshelf.testdata.TestValidData" time="0">
    <skipped message="connection refused&#10;Build info: version: &apos;3.141.59&apos;, revision: &apos;e82be7d358&apos;, time: &apos;2018-11-14T08:25:53&apos;&#10;System info: host: &apos;DHARSHINI&apos;, ip: &apos;127.0.0.1&apos;, os.name: &apos;Windows 10&apos;, os.arch: &apos;amd64&apos;, os.version: &apos;10.0&apos;, java.version: &apos;1.8.0_77&apos;&#10;Driver info: driver.version: unknown&#10;remote stacktrace: &#10;Command duration or timeout: 79.34 seconds"/>
  </testcase>
  <testcase name="testwebpage" classname="com.Bookshelf.testdata.TestValidData" time="0">
    <skipped message="connection refused&#10;Build info: version: &apos;3.141.59&apos;, revision: &apos;e82be7d358&apos;, time: &apos;2018-11-14T08:25:53&apos;&#10;System info: host: &apos;DHARSHINI&apos;, ip: &apos;127.0.0.1&apos;, os.name: &apos;Windows 10&apos;, os.arch: &apos;amd64&apos;, os.version: &apos;10.0&apos;, java.version: &apos;1.8.0_77&apos;&#10;Driver info: driver.version: unknown&#10;remote stacktrace: &#10;Command duration or timeout: 79.34 seconds"/>
  </testcase>
  <testcase name="getResult" classname="com.Bookshelf.testdata.TestValidData" time="0">
    <skipped/>
  </testcase>
  <testcase name="getResult" classname="com.Bookshelf.testdata.TestValidData" time="0">
    <skipped/>
  </testcase>
  <testcase name="getResult" classname="com.Bookshelf.testdata.TestValidData" time="0">
    <skipped/>
  </testcase>
  <testcase name="getResult" classname="com.Bookshelf.testdata.TestValidData" time="0">
    <skipped/>
  </testcase>
  <testcase name="getResult" classname="com.Bookshelf.testdata.TestValidData" time="0">
    <skipped/>
  </testcase>
  <testcase name="getResult" classname="com.Bookshelf.testdata.TestValidData" time="0">
    <skipped/>
  </testcase>
  <testcase name="getResult" classname="com.Bookshelf.testdata.TestValidData" time="0">
    <skipped/>
  </testcase>
  <testcase name="getResult" classname="com.Bookshelf.testdata.TestValidData" time="0">
    <skipped/>
  </testcase>
  <testcase name="getResult" classname="com.Bookshelf.testdata.TestValidData" time="0">
    <skipped/>
  </testcase>
  <testcase name="getResult" classname="com.Bookshelf.testdata.TestValidData" time="0">
    <skipped/>
  </testcase>
  <testcase name="getResult" classname="com.Bookshelf.testdata.TestValidData" time="0">
    <skipped/>
  </testcase>
  <testcase name="getResult" classname="com.Bookshelf.testdata.TestValidData" time="0">
    <skipped/>
  </testcase>
  <testcase name="getResult" classname="com.Bookshelf.testdata.TestValidData" time="0">
    <skipped/>
  </testcase>
  <testcase name="getResult" classname="com.Bookshelf.testdata.TestValidData" time="0">
    <skipped/>
  </testcase>
  <testcase name="getResult" classname="com.Bookshelf.testdata.TestValidData" time="0">
    <skipped/>
  </testcase>
  <testcase name="getResult" classname="com.Bookshelf.testdata.TestValidData" time="0">
    <skipped/>
  </testcase>
  <testcase name="getResult" classname="com.Bookshelf.testdata.TestValidData" time="0">
    <skipped/>
  </testcase>
  <testcase name="getResult" classname="com.Bookshelf.testdata.TestValidData" time="0">
    <skipped/>
  </testcase>
  <testcase name="getResult" classname="com.Bookshelf.testdata.TestValidData" time="0">
    <skipped/>
  </testcase>
  <testcase name="getResult" classname="com.Bookshelf.testdata.TestValidData" time="0">
    <skipped/>
  </testcase>
  <testcase name="getResult" classname="com.Bookshelf.testdata.TestValidData" time="0">
    <skipped/>
  </testcase>
  <testcase name="getResult" classname="com.Bookshelf.testdata.TestValidData" time="0">
    <skipped/>
  </testcase>
  <testcase name="getResult" classname="com.Bookshelf.testdata.TestValidData" time="0">
    <skipped/>
  </testcase>
  <testcase name="getResult" classname="com.Bookshelf.testdata.TestValidData" time="0">
    <skipped/>
  </testcase>
  <testcase name="closeBrowser" classname="com.Bookshelf.testdata.TestValidData" time="0">
    <skipped/>
  </testcase>
  <testcase name="closeBrowser" classname="com.Bookshelf.testdata.TestValidData" time="0">
    <skipped/>
  </testcase>
  <testcase name="tearDown" classname="com.Bookshelf.testdata.TestValidData" time="0">
    <skipped/>
  </testcase>
</testsuite>