<?xml version="1.0" encoding="UTF-8"?>
<!-- Generated by org.testng.reporters.JUnitXMLReporter -->
<testsuite hostname="DHARSHINI" ignored="0" name="chrome" tests="12" failures="0" timestamp="19 Jun 2020 17:52:39 GMT" time="22.712" errors="0">
  <testcase name="@BeforeTest setup" time="21.735" classname="com.Bookshelf.testdata.TestValidData">
    <failure type="io.github.bonigarcia.wdm.WebDriverManagerException" message="java.net.UnknownHostException: npm.taobao.org">
      <![CDATA[io.github.bonigarcia.wdm.WebDriverManagerException: java.net.UnknownHostException: npm.taobao.org
at io.github.bonigarcia.wdm.WebDriverManager.handleException(WebDriverManager.java:715)
at io.github.bonigarcia.wdm.WebDriverManager.manage(WebDriverManager.java:540)
at io.github.bonigarcia.wdm.WebDriverManager.handleException(WebDriverManager.java:712)
at io.github.bonigarcia.wdm.WebDriverManager.manage(WebDriverManager.java:540)
at io.github.bonigarcia.wdm.WebDriverManager.setup(WebDriverManager.java:260)
at com.Bookshelf.driversetup.DriverSetup.getDriver(DriverSetup.java:32)
at com.Bookshelf.testdata.TestValidData.setup(TestValidData.java:36)
Caused by: java.net.UnknownHostException: npm.taobao.org
at java.net.Inet6AddressImpl.lookupAllHostAddr(Native Method)
at java.net.InetAddress$2.lookupAllHostAddr(InetAddress.java:928)
at java.net.InetAddress.getAddressesFromNameService(InetAddress.java:1323)
at java.net.InetAddress.getAllByName0(InetAddress.java:1276)
at java.net.InetAddress.getAllByName(InetAddress.java:1192)
at java.net.InetAddress.getAllByName(InetAddress.java:1126)
at org.apache.http.impl.conn.SystemDefaultDnsResolver.resolve(SystemDefaultDnsResolver.java:45)
at org.apache.http.impl.conn.DefaultHttpClientConnectionOperator.connect(DefaultHttpClientConnectionOperator.java:112)
at org.apache.http.impl.conn.PoolingHttpClientConnectionManager.connect(PoolingHttpClientConnectionManager.java:373)
at org.apache.http.impl.execchain.MainClientExec.establishRoute(MainClientExec.java:394)
at org.apache.http.impl.execchain.MainClientExec.execute(MainClientExec.java:237)
at org.apache.http.impl.execchain.ProtocolExec.execute(ProtocolExec.java:185)
at org.apache.http.impl.execchain.RetryExec.execute(RetryExec.java:89)
at org.apache.http.impl.execchain.RedirectExec.execute(RedirectExec.java:110)
at org.apache.http.impl.client.InternalHttpClient.doExecute(InternalHttpClient.java:185)
at org.apache.http.impl.client.CloseableHttpClient.execute(CloseableHttpClient.java:83)
at org.apache.http.impl.client.CloseableHttpClient.execute(CloseableHttpClient.java:108)
at io.github.bonigarcia.wdm.HttpClient.execute(HttpClient.java:159)
at io.github.bonigarcia.wdm.WebDriverManager.getDriversFromMirror(WebDriverManager.java:983)
at io.github.bonigarcia.wdm.ChromeDriverManager.getDrivers(ChromeDriverManager.java:79)
at io.github.bonigarcia.wdm.WebDriverManager.filterCandidateUrls(WebDriverManager.java:731)
at io.github.bonigarcia.wdm.WebDriverManager.manage(WebDriverManager.java:525)
... 33 more
... Removed 28 stack frames]]>
    </failure>
  </testcase> <!-- @BeforeTest setup -->
  <testcase name="@AfterMethod getResult" time="0.0" classname="com.Bookshelf.reports.ExtentReport">
    <skipped/>
  </testcase> <!-- @AfterMethod getResult -->
  <testcase name="@AfterMethod getResult" time="0.0" classname="com.Bookshelf.reports.ExtentReport">
    <skipped/>
  </testcase> <!-- @AfterMethod getResult -->
  <testcase name="@AfterMethod getResult" time="0.0" classname="com.Bookshelf.reports.ExtentReport">
    <skipped/>
  </testcase> <!-- @AfterMethod getResult -->
  <testcase name="@AfterMethod getResult" time="0.0" classname="com.Bookshelf.reports.ExtentReport">
    <skipped/>
  </testcase> <!-- @AfterMethod getResult -->
  <testcase name="@AfterMethod getResult" time="0.0" classname="com.Bookshelf.reports.ExtentReport">
    <skipped/>
  </testcase> <!-- @AfterMethod getResult -->
  <testcase name="@AfterMethod getResult" time="0.0" classname="com.Bookshelf.reports.ExtentReport">
    <skipped/>
  </testcase> <!-- @AfterMethod getResult -->
  <testcase name="@AfterMethod getResult" time="0.0" classname="com.Bookshelf.reports.ExtentReport">
    <skipped/>
  </testcase> <!-- @AfterMethod getResult -->
  <testcase name="@AfterMethod getResult" time="0.0" classname="com.Bookshelf.reports.ExtentReport">
    <skipped/>
  </testcase> <!-- @AfterMethod getResult -->
  <testcase name="@AfterMethod getResult" time="0.0" classname="com.Bookshelf.reports.ExtentReport">
    <skipped/>
  </testcase> <!-- @AfterMethod getResult -->
  <testcase name="@AfterMethod getResult" time="0.0" classname="com.Bookshelf.reports.ExtentReport">
    <skipped/>
  </testcase> <!-- @AfterMethod getResult -->
  <testcase name="@AfterMethod getResult" time="0.0" classname="com.Bookshelf.reports.ExtentReport">
    <skipped/>
  </testcase> <!-- @AfterMethod getResult -->
  <testcase name="@AfterMethod getResult" time="0.0" classname="com.Bookshelf.reports.ExtentReport">
    <skipped/>
  </testcase> <!-- @AfterMethod getResult -->
  <testcase name="@AfterClass closeBrowser" time="0.0" classname="com.Bookshelf.testdata.TestValidData">
    <skipped/>
  </testcase> <!-- @AfterClass closeBrowser -->
  <testcase name="testwebpage" time="0.0" classname="com.Bookshelf.testdata.TestValidData">
    <skipped/>
  </testcase> <!-- testwebpage -->
  <testcase name="testwebpage" time="0.0" classname="com.Bookshelf.testdata.TestValidData">
    <skipped/>
  </testcase> <!-- testwebpage -->
  <testcase name="testwebpage" time="0.0" classname="com.Bookshelf.testdata.TestValidData">
    <skipped/>
  </testcase> <!-- testwebpage -->
  <testcase name="testwebpage" time="0.0" classname="com.Bookshelf.testdata.TestValidData">
    <skipped/>
  </testcase> <!-- testwebpage -->
  <testcase name="testwebpage" time="0.0" classname="com.Bookshelf.testdata.TestValidData">
    <skipped/>
  </testcase> <!-- testwebpage -->
  <testcase name="testwebpage" time="0.0" classname="com.Bookshelf.testdata.TestValidData">
    <skipped/>
  </testcase> <!-- testwebpage -->
  <testcase name="testwebpage" time="0.0" classname="com.Bookshelf.testdata.TestValidData">
    <skipped/>
  </testcase> <!-- testwebpage -->
  <testcase name="testwebpage" time="0.0" classname="com.Bookshelf.testdata.TestValidData">
    <skipped/>
  </testcase> <!-- testwebpage -->
  <testcase name="testwebpage" time="0.0" classname="com.Bookshelf.testdata.TestValidData">
    <skipped/>
  </testcase> <!-- testwebpage -->
  <testcase name="testwebpage" time="0.0" classname="com.Bookshelf.testdata.TestValidData">
    <skipped/>
  </testcase> <!-- testwebpage -->
  <testcase name="testwebpage" time="0.0" classname="com.Bookshelf.testdata.TestValidData">
    <skipped/>
  </testcase> <!-- testwebpage -->
  <testcase name="testwebpage" time="0.0" classname="com.Bookshelf.testdata.TestValidData">
    <skipped/>
  </testcase> <!-- testwebpage -->
</testsuite> <!-- chrome -->
